/usr/local/lib/python3.6/dist-packages/pymysql/cursors.py:329: Warning: (1292, "Incorrect datetime value: '%2019-12-19%' for column 'creationTime' at row 1")
  self._do_get_result()
2019-12-19
2019 12 19
从121服务器上获取数据
-------------------->
data is: 2019-12-19
mySql quering sqlOrder using:select * from t_user_operation where creationTime like '%2019-12-19%' 
[ 63 132 134 137 138]
OneDayDoctor:------>63
OneDayDoctor:------>132
OneDayDoctor:------>134
OneDayDoctor:------>137
OneDayDoctor:------>138
wo shi li:[63, 132, 134, 137, 138]
-----------> 0
-----------> 1
-----------> 2
-----------> 3
-----------> 4
pPath is:../../Data121/2019_12_19
../../Data121/2019_12_19/Doctors/Doc63.xlsx
-----------> 0
../../Data121/2019_12_19/Doctors/Doc132.xlsx
-----------> 0
../../Data121/2019_12_19/Doctors/Doc134.xlsx
-----------> 0
../../Data121/2019_12_19/Doctors/Doc137.xlsx
-----------> 0
../../Data121/2019_12_19/Doctors/Doc138.xlsx
-----------> 0
ExcelPath:../../Data121/2019_12_19/Doctors/Doc63.xlsx
['2019-12-19', 63, 'end:2019-12-19 18:19:05 begin:2019-12-19 11:08:47', '7.171', '7.161', 28, '15.34', '54.12']
ExcelPath:../../Data121/2019_12_19/Doctors/Doc132.xlsx
['2019-12-19', 132, 'end:2019-12-19 18:23:58 begin:2019-12-19 10:18:55', '8.084', '8.078', 23, '21.07', '55.18']
ExcelPath:../../Data121/2019_12_19/Doctors/Doc134.xlsx
['2019-12-19', 134, 'end:2019-12-19 18:10:10 begin:2019-12-19 08:07:53', '10.03', '10.02', 33, '18.23', '47.78']
ExcelPath:../../Data121/2019_12_19/Doctors/Doc137.xlsx
['2019-12-19', 137, 'end:2019-12-19 16:10:25 begin:2019-12-19 06:57:15', '9.219', '9.177', 31, '17.76', '82.42']
ExcelPath:../../Data121/2019_12_19/Doctors/Doc138.xlsx
['2019-12-19', 138, 'end:2019-12-19 20:00:21 begin:2019-12-19 06:58:26', '13.03', '11.55', 35, '19.80', '87.45']
-----------> 0
从61服务器上获取数据
-------------------->
data is: 2019-12-19
mySql quering sqlOrder using:select * from t_user_operation where creationTime like '%2019-12-19%' 
[ 52 137 142 150 156 175 210 224]
OneDayDoctor:------>52
OneDayDoctor:------>137
OneDayDoctor:------>142
OneDayDoctor:------>150
OneDayDoctor:------>156
OneDayDoctor:------>175
OneDayDoctor:------>210
OneDayDoctor:------>224
wo shi li:[52, 137, 142, 150, 156, 175, 210, 224]
-----------> 0
-----------> 1
-----------> 2
-----------> 3
-----------> 4
-----------> 5
-----------> 6
-----------> 7
pPath is:../../Data61/2019_12_19
../../Data61/2019_12_19/Doctors/Doc52.xlsx
-----------> 0
../../Data61/2019_12_19/Doctors/Doc137.xlsx
-----------> 0
../../Data61/2019_12_19/Doctors/Doc142.xlsx
-----------> 0
../../Data61/2019_12_19/Doctors/Doc150.xlsx
-----------> 0
../../Data61/2019_12_19/Doctors/Doc156.xlsx
-----------> 0
../../Data61/2019_12_19/Doctors/Doc175.xlsx
-----------> 0
../../Data61/2019_12_19/Doctors/Doc210.xlsx
-----------> 0
../../Data61/2019_12_19/Doctors/Doc224.xlsx
-----------> 0
ExcelPath:../../Data61/2019_12_19/Doctors/Doc52.xlsx
['2019-12-19', 52, 'end:2019-12-19 18:29:03 begin:2019-12-19 07:09:26', '11.32', '11.25', 252, '2.678', '76.53']
ExcelPath:../../Data61/2019_12_19/Doctors/Doc137.xlsx
['2019-12-19', 137, 'end:2019-12-19 06:55:25 begin:2019-12-19 06:40:52', '0.242', '0.242', 1, '14.55', '14.55']
ExcelPath:../../Data61/2019_12_19/Doctors/Doc142.xlsx
['2019-12-19', 142, 'end:2019-12-19 18:30:17 begin:2019-12-19 09:35:03', '8.920', '8.368', 14, '35.86', '117.67']
ExcelPath:../../Data61/2019_12_19/Doctors/Doc150.xlsx
['2019-12-19', 150, 'end:2019-12-19 15:26:14 begin:2019-12-19 07:58:48', '7.457', '6.869', 18, '22.89', '68.68']
ExcelPath:../../Data61/2019_12_19/Doctors/Doc156.xlsx
['2019-12-19', 156, 'end:2019-12-19 17:05:14 begin:2019-12-19 11:50:06', '5.252', '5.160', 49, '6.319', '21.10']
ExcelPath:../../Data61/2019_12_19/Doctors/Doc175.xlsx
['2019-12-19', 175, 'end:2019-12-19 21:45:56 begin:2019-12-19 16:54:45', '4.853', '4.510', 18, '15.03', '41.70']
ExcelPath:../../Data61/2019_12_19/Doctors/Doc210.xlsx
['2019-12-19', 210, 'end:2019-12-19 15:54:51 begin:2019-12-19 09:12:16', '6.709', '6.641', 13, '30.65', '120.45']
ExcelPath:../../Data61/2019_12_19/Doctors/Doc224.xlsx
['2019-12-19', 224, 'end:2019-12-19 18:59:35 begin:2019-12-19 09:09:09', '9.840', '9.736', 48, '12.17', '87.05']
-----------> 0
sheetname:Sheet2019-12-19
sheetname:Sheet2019-12-19
统计完成,开始发送邮件
------>
2019_12_19
dstPPath:-->../../testZip
dstPPath:-->2019_12_19
../../Data121/2019_12_19
dstPPath:-->../../testZip
dstPPath:-->2019_12_19
../../Data61/2019_12_19
dstPPath:-->../../testZip
dstPPath:-->2019_12_19
../../DataAllServer/2019_12_19
压缩成功
压缩成功
压缩成功
压缩成功
压缩成功
邮件发送成功
/usr/local/lib/python3.6/dist-packages/pymysql/cursors.py:329: Warning: (1292, "Incorrect datetime value: '%2019-12-19%' for column 'creationTime' at row 1")
  self._do_get_result()
2019-12-19
2019 12 19
从121服务器上获取数据
-------------------->
data is: 2019-12-19
mySql quering sqlOrder using:select * from t_user_operation where creationTime like '%2019-12-19%' 
[ 63 132 134 137 138]
OneDayDoctor:------>63
OneDayDoctor:------>132
OneDayDoctor:------>134
OneDayDoctor:------>137
OneDayDoctor:------>138
wo shi li:[63, 132, 134, 137, 138]
-----------> 0
-----------> 1
-----------> 2
-----------> 3
-----------> 4
pPath is:../../Data121/2019_12_19
../../Data121/2019_12_19/Doctors/Doc63.xlsx
-----------> 0
../../Data121/2019_12_19/Doctors/Doc132.xlsx
-----------> 0
../../Data121/2019_12_19/Doctors/Doc134.xlsx
-----------> 0
../../Data121/2019_12_19/Doctors/Doc137.xlsx
-----------> 0
../../Data121/2019_12_19/Doctors/Doc138.xlsx
-----------> 0
ExcelPath:../../Data121/2019_12_19/Doctors/Doc63.xlsx
['2019-12-19', 63, 'end:2019-12-19 18:19:05 begin:2019-12-19 11:08:47', '7.171', '7.161', 28, '15.34', '54.12']
ExcelPath:../../Data121/2019_12_19/Doctors/Doc132.xlsx
['2019-12-19', 132, 'end:2019-12-19 18:23:58 begin:2019-12-19 10:18:55', '8.084', '8.078', 23, '21.07', '55.18']
ExcelPath:../../Data121/2019_12_19/Doctors/Doc134.xlsx
['2019-12-19', 134, 'end:2019-12-19 18:10:10 begin:2019-12-19 08:07:53', '10.03', '10.02', 33, '18.23', '47.78']
ExcelPath:../../Data121/2019_12_19/Doctors/Doc137.xlsx
['2019-12-19', 137, 'end:2019-12-19 16:10:25 begin:2019-12-19 06:57:15', '9.219', '9.177', 31, '17.76', '82.42']
ExcelPath:../../Data121/2019_12_19/Doctors/Doc138.xlsx
['2019-12-19', 138, 'end:2019-12-19 20:00:21 begin:2019-12-19 06:58:26', '13.03', '11.55', 35, '19.80', '87.45']
-----------> 0
从61服务器上获取数据
-------------------->
data is: 2019-12-19
mySql quering sqlOrder using:select * from t_user_operation where creationTime like '%2019-12-19%' 
[ 52 137 142 150 156 175 210 224]
OneDayDoctor:------>52
OneDayDoctor:------>137
OneDayDoctor:------>142
OneDayDoctor:------>150
OneDayDoctor:------>156
OneDayDoctor:------>175
OneDayDoctor:------>210
OneDayDoctor:------>224
wo shi li:[52, 137, 142, 150, 156, 175, 210, 224]
-----------> 0
-----------> 1
-----------> 2
-----------> 3
-----------> 4
-----------> 5
-----------> 6
-----------> 7
pPath is:../../Data61/2019_12_19
../../Data61/2019_12_19/Doctors/Doc52.xlsx
-----------> 0
../../Data61/2019_12_19/Doctors/Doc137.xlsx
-----------> 0
../../Data61/2019_12_19/Doctors/Doc142.xlsx
-----------> 0
../../Data61/2019_12_19/Doctors/Doc150.xlsx
-----------> 0
../../Data61/2019_12_19/Doctors/Doc156.xlsx
-----------> 0
../../Data61/2019_12_19/Doctors/Doc175.xlsx
-----------> 0
../../Data61/2019_12_19/Doctors/Doc210.xlsx
-----------> 0
../../Data61/2019_12_19/Doctors/Doc224.xlsx
-----------> 0
ExcelPath:../../Data61/2019_12_19/Doctors/Doc52.xlsx
['2019-12-19', 52, 'end:2019-12-19 18:29:03 begin:2019-12-19 07:09:26', '11.32', '11.25', 252, '2.678', '76.53']
ExcelPath:../../Data61/2019_12_19/Doctors/Doc137.xlsx
['2019-12-19', 137, 'end:2019-12-19 06:55:25 begin:2019-12-19 06:40:52', '0.242', '0.242', 1, '14.55', '14.55']
ExcelPath:../../Data61/2019_12_19/Doctors/Doc142.xlsx
['2019-12-19', 142, 'end:2019-12-19 18:30:17 begin:2019-12-19 09:35:03', '8.920', '8.368', 14, '35.86', '117.67']
ExcelPath:../../Data61/2019_12_19/Doctors/Doc150.xlsx
['2019-12-19', 150, 'end:2019-12-19 15:26:14 begin:2019-12-19 07:58:48', '7.457', '6.869', 18, '22.89', '68.68']
ExcelPath:../../Data61/2019_12_19/Doctors/Doc156.xlsx
['2019-12-19', 156, 'end:2019-12-19 17:05:14 begin:2019-12-19 11:50:06', '5.252', '5.160', 49, '6.319', '21.10']
ExcelPath:../../Data61/2019_12_19/Doctors/Doc175.xlsx
['2019-12-19', 175, 'end:2019-12-19 21:45:56 begin:2019-12-19 16:54:45', '4.853', '4.510', 18, '15.03', '41.70']
ExcelPath:../../Data61/2019_12_19/Doctors/Doc210.xlsx
['2019-12-19', 210, 'end:2019-12-19 15:54:51 begin:2019-12-19 09:12:16', '6.709', '6.641', 13, '30.65', '120.45']
ExcelPath:../../Data61/2019_12_19/Doctors/Doc224.xlsx
['2019-12-19', 224, 'end:2019-12-19 18:59:35 begin:2019-12-19 09:09:09', '9.840', '9.736', 48, '12.17', '87.05']
-----------> 0
sheetname:Sheet2019-12-19
sheetname:Sheet2019-12-19
统计完成,开始发送邮件
------>
2019_12_19
dstPPath:-->../../testZip
dstPPath:-->2019_12_19
../../Data121/2019_12_19
dstPPath:-->../../testZip
dstPPath:-->2019_12_19
../../Data61/2019_12_19
dstPPath:-->../../testZip
dstPPath:-->2019_12_19
../../DataAllServer/2019_12_19
压缩成功
压缩成功
压缩成功
压缩成功
压缩成功
邮件发送成功
/usr/local/lib/python3.6/dist-packages/pymysql/cursors.py:329: Warning: (1292, "Incorrect datetime value: '%2019-12-19%' for column 'creationTime' at row 1")
  self._do_get_result()
/usr/local/lib/python3.6/dist-packages/pandas/core/indexing.py:1494: FutureWarning: 
Passing list-likes to .loc or [] with any missing label will raise
KeyError in the future, you can use .reindex() as an alternative.

See the documentation here:
https://pandas.pydata.org/pandas-docs/stable/indexing.html#deprecate-loc-reindex-listlike
  return self._getitem_tuple(key)
2019-12-19
2019 12 19
从121服务器上获取数据
-------------------->
data is: 2019-12-19
mySql quering sqlOrder using:select * from t_user_operation where creationTime like '%2019-12-19%' 
[ 63 132 134 137 138]
OneDayDoctor:------>63
OneDayDoctor:------>132
OneDayDoctor:------>134
OneDayDoctor:------>137
OneDayDoctor:------>138
wo shi li:[63, 132, 134, 137, 138]
-----------> 0
-----------> 1
-----------> 2
-----------> 3
-----------> 4
pPath is:../../Data121/2019_12_19
../../Data121/2019_12_19/Doctors/Doc63.xlsx
-----------> 0
../../Data121/2019_12_19/Doctors/Doc132.xlsx
-----------> 0
../../Data121/2019_12_19/Doctors/Doc134.xlsx
-----------> 0
../../Data121/2019_12_19/Doctors/Doc137.xlsx
-----------> 0
../../Data121/2019_12_19/Doctors/Doc138.xlsx
-----------> 0
ExcelPath:../../Data121/2019_12_19/Doctors/Doc63.xlsx
['2019-12-19', '63/977', 'end:2019-12-19 18:19:05 begin:2019-12-19 11:08:47', '7.171', '7.161', 28, '15.34', '54.12']
ExcelPath:../../Data121/2019_12_19/Doctors/Doc132.xlsx
['2019-12-19', '132/977', 'end:2019-12-19 18:23:58 begin:2019-12-19 10:18:55', '8.084', '8.078', 23, '21.07', '55.18']
ExcelPath:../../Data121/2019_12_19/Doctors/Doc134.xlsx
['2019-12-19', '134/977', 'end:2019-12-19 18:10:10 begin:2019-12-19 08:07:53', '10.03', '10.02', 33, '18.23', '47.78']
ExcelPath:../../Data121/2019_12_19/Doctors/Doc137.xlsx
['2019-12-19', '137/977', 'end:2019-12-19 16:10:25 begin:2019-12-19 06:57:15', '9.219', '9.177', 31, '17.76', '82.42']
ExcelPath:../../Data121/2019_12_19/Doctors/Doc138.xlsx
['2019-12-19', '138/977', 'end:2019-12-19 20:00:21 begin:2019-12-19 06:58:26', '13.03', '11.55', 35, '19.80', '87.45']
-----------> 0
从61服务器上获取数据
-------------------->
data is: 2019-12-19
mySql quering sqlOrder using:select * from t_user_operation where creationTime like '%2019-12-19%' 
[ 52 137 142 150 156 175 210 224]
OneDayDoctor:------>52
OneDayDoctor:------>137
OneDayDoctor:------>142
OneDayDoctor:------>150
OneDayDoctor:------>156
OneDayDoctor:------>175
OneDayDoctor:------>210
OneDayDoctor:------>224
wo shi li:[52, 137, 142, 150, 156, 175, 210, 224]
-----------> 0
-----------> 1
-----------> 2
-----------> 3
-----------> 4
-----------> 5
-----------> 6
-----------> 7
pPath is:../../Data61/2019_12_19
../../Data61/2019_12_19/Doctors/Doc52.xlsx
-----------> 0
../../Data61/2019_12_19/Doctors/Doc137.xlsx
-----------> 0
../../Data61/2019_12_19/Doctors/Doc142.xlsx
-----------> 0
../../Data61/2019_12_19/Doctors/Doc150.xlsx
-----------> 0
../../Data61/2019_12_19/Doctors/Doc156.xlsx
-----------> 0
../../Data61/2019_12_19/Doctors/Doc175.xlsx
-----------> 0
../../Data61/2019_12_19/Doctors/Doc210.xlsx
-----------> 0
../../Data61/2019_12_19/Doctors/Doc224.xlsx
-----------> 0
ExcelPath:../../Data61/2019_12_19/Doctors/Doc52.xlsx
['2019-12-19', '52/10565', 'end:2019-12-19 18:29:03 begin:2019-12-19 07:09:26', '11.32', '11.25', 252, '2.678', '76.53']
ExcelPath:../../Data61/2019_12_19/Doctors/Doc137.xlsx
['2019-12-19', '137/10559', 'end:2019-12-19 06:55:25 begin:2019-12-19 06:40:52', '0.242', '0.242', 1, '14.55', '14.55']
ExcelPath:../../Data61/2019_12_19/Doctors/Doc142.xlsx
['2019-12-19', '142/10274/10548/10567', 'end:2019-12-19 18:30:17 begin:2019-12-19 09:35:03', '8.920', '8.368', 14, '35.86', '117.67']
ExcelPath:../../Data61/2019_12_19/Doctors/Doc150.xlsx
['2019-12-19', '150/10560', 'end:2019-12-19 15:26:14 begin:2019-12-19 07:58:48', '7.457', '6.869', 18, '22.89', '68.68']
ExcelPath:../../Data61/2019_12_19/Doctors/Doc156.xlsx
['2019-12-19', '156/10188', 'end:2019-12-19 17:05:14 begin:2019-12-19 11:50:06', '5.252', '5.160', 49, '6.319', '21.10']
ExcelPath:../../Data61/2019_12_19/Doctors/Doc175.xlsx
['2019-12-19', '175/10571', 'end:2019-12-19 21:45:56 begin:2019-12-19 16:54:45', '4.853', '4.510', 18, '15.03', '41.70']
ExcelPath:../../Data61/2019_12_19/Doctors/Doc210.xlsx
['2019-12-19', '210/10567', 'end:2019-12-19 15:54:51 begin:2019-12-19 09:12:16', '6.709', '6.641', 13, '30.65', '120.45']
ExcelPath:../../Data61/2019_12_19/Doctors/Doc224.xlsx
['2019-12-19', '224/10571', 'end:2019-12-19 18:59:35 begin:2019-12-19 09:09:09', '9.840', '9.736', 48, '12.17', '87.05']
-----------> 0
sheetname:Sheet2019-12-19
sheetname:Sheet2019-12-19
统计完成,开始发送邮件
------>
2019_12_19
dstPPath:-->../../testZip
dstPPath:-->2019_12_19
../../Data121/2019_12_19
dstPPath:-->../../testZip
dstPPath:-->2019_12_19
../../Data61/2019_12_19
dstPPath:-->../../testZip
dstPPath:-->2019_12_19
../../DataAllServer/2019_12_19
压缩成功
压缩成功
压缩成功
压缩成功
压缩成功
压缩成功
<class 'list'>
202
邮件发送成功
昨天的统计结果已经发送完成
/usr/local/lib/python3.6/dist-packages/pymysql/cursors.py:329: Warning: (1292, "Incorrect datetime value: '%2019-12-19%' for column 'creationTime' at row 1")
  self._do_get_result()
/usr/local/lib/python3.6/dist-packages/pandas/core/indexing.py:1494: FutureWarning: 
Passing list-likes to .loc or [] with any missing label will raise
KeyError in the future, you can use .reindex() as an alternative.

See the documentation here:
https://pandas.pydata.org/pandas-docs/stable/indexing.html#deprecate-loc-reindex-listlike
  return self._getitem_tuple(key)
2019-12-19
2019 12 19
从121服务器上获取数据
-------------------->
data is: 2019-12-19
mySql quering sqlOrder using:select * from t_user_operation where creationTime like '%2019-12-19%' 
[ 63 132 134 137 138]
OneDayDoctor:------>63
OneDayDoctor:------>132
OneDayDoctor:------>134
OneDayDoctor:------>137
OneDayDoctor:------>138
wo shi li:[63, 132, 134, 137, 138]
-----------> 0
-----------> 1
-----------> 2
-----------> 3
-----------> 4
pPath is:../../Data121/2019_12_19
../../Data121/2019_12_19/Doctors/Doc63.xlsx
-----------> 0
../../Data121/2019_12_19/Doctors/Doc132.xlsx
-----------> 0
../../Data121/2019_12_19/Doctors/Doc134.xlsx
-----------> 0
../../Data121/2019_12_19/Doctors/Doc137.xlsx
-----------> 0
../../Data121/2019_12_19/Doctors/Doc138.xlsx
-----------> 0
ExcelPath:../../Data121/2019_12_19/Doctors/Doc63.xlsx
['2019-12-19', '63/977', 'end:2019-12-19 18:19:05 begin:2019-12-19 11:08:47', '7.171', '7.161', 28, '15.34', '54.12']
ExcelPath:../../Data121/2019_12_19/Doctors/Doc132.xlsx
['2019-12-19', '132/977', 'end:2019-12-19 18:23:58 begin:2019-12-19 10:18:55', '8.084', '8.078', 23, '21.07', '55.18']
ExcelPath:../../Data121/2019_12_19/Doctors/Doc134.xlsx
['2019-12-19', '134/977', 'end:2019-12-19 18:10:10 begin:2019-12-19 08:07:53', '10.03', '10.02', 33, '18.23', '47.78']
ExcelPath:../../Data121/2019_12_19/Doctors/Doc137.xlsx
['2019-12-19', '137/977', 'end:2019-12-19 16:10:25 begin:2019-12-19 06:57:15', '9.219', '9.177', 31, '17.76', '82.42']
ExcelPath:../../Data121/2019_12_19/Doctors/Doc138.xlsx
['2019-12-19', '138/977', 'end:2019-12-19 20:00:21 begin:2019-12-19 06:58:26', '13.03', '11.55', 35, '19.80', '87.45']
-----------> 0
从61服务器上获取数据
-------------------->
data is: 2019-12-19
mySql quering sqlOrder using:select * from t_user_operation where creationTime like '%2019-12-19%' 
[ 52 137 142 150 156 175 210 224]
OneDayDoctor:------>52
OneDayDoctor:------>137
OneDayDoctor:------>142
OneDayDoctor:------>150
OneDayDoctor:------>156
OneDayDoctor:------>175
OneDayDoctor:------>210
OneDayDoctor:------>224
wo shi li:[52, 137, 142, 150, 156, 175, 210, 224]
-----------> 0
-----------> 1
-----------> 2
-----------> 3
-----------> 4
-----------> 5
-----------> 6
-----------> 7
pPath is:../../Data61/2019_12_19
../../Data61/2019_12_19/Doctors/Doc52.xlsx
-----------> 0
../../Data61/2019_12_19/Doctors/Doc137.xlsx
-----------> 0
../../Data61/2019_12_19/Doctors/Doc142.xlsx
-----------> 0
../../Data61/2019_12_19/Doctors/Doc150.xlsx
-----------> 0
../../Data61/2019_12_19/Doctors/Doc156.xlsx
-----------> 0
../../Data61/2019_12_19/Doctors/Doc175.xlsx
-----------> 0
../../Data61/2019_12_19/Doctors/Doc210.xlsx
-----------> 0
../../Data61/2019_12_19/Doctors/Doc224.xlsx
-----------> 0
ExcelPath:../../Data61/2019_12_19/Doctors/Doc52.xlsx
['2019-12-19', '52/10565', 'end:2019-12-19 18:29:03 begin:2019-12-19 07:09:26', '11.32', '11.25', 252, '2.678', '76.53']
ExcelPath:../../Data61/2019_12_19/Doctors/Doc137.xlsx
['2019-12-19', '137/10559', 'end:2019-12-19 06:55:25 begin:2019-12-19 06:40:52', '0.242', '0.242', 1, '14.55', '14.55']
ExcelPath:../../Data61/2019_12_19/Doctors/Doc142.xlsx
['2019-12-19', '142/10274/10548/10567', 'end:2019-12-19 18:30:17 begin:2019-12-19 09:35:03', '8.920', '8.368', 14, '35.86', '117.67']
ExcelPath:../../Data61/2019_12_19/Doctors/Doc150.xlsx
['2019-12-19', '150/10560', 'end:2019-12-19 15:26:14 begin:2019-12-19 07:58:48', '7.457', '6.869', 18, '22.89', '68.68']
ExcelPath:../../Data61/2019_12_19/Doctors/Doc156.xlsx
['2019-12-19', '156/10188', 'end:2019-12-19 17:05:14 begin:2019-12-19 11:50:06', '5.252', '5.160', 49, '6.319', '21.10']
ExcelPath:../../Data61/2019_12_19/Doctors/Doc175.xlsx
['2019-12-19', '175/10571', 'end:2019-12-19 21:45:56 begin:2019-12-19 16:54:45', '4.853', '4.510', 18, '15.03', '41.70']
ExcelPath:../../Data61/2019_12_19/Doctors/Doc210.xlsx
['2019-12-19', '210/10567', 'end:2019-12-19 15:54:51 begin:2019-12-19 09:12:16', '6.709', '6.641', 13, '30.65', '120.45']
ExcelPath:../../Data61/2019_12_19/Doctors/Doc224.xlsx
['2019-12-19', '224/10571', 'end:2019-12-19 18:59:35 begin:2019-12-19 09:09:09', '9.840', '9.736', 48, '12.17', '87.05']
-----------> 0
sheetname:Sheet2019-12-19
sheetname:Sheet2019-12-19
统计完成,开始发送邮件
------>
2019_12_19
dstPPath:-->../../testZip
dstPPath:-->2019_12_19
../../Data121/2019_12_19
dstPPath:-->../../testZip
dstPPath:-->2019_12_19
../../Data61/2019_12_19
dstPPath:-->../../testZip
dstPPath:-->2019_12_19
../../DataAllServer/2019_12_19
压缩成功
压缩成功
压缩成功
压缩成功
压缩成功
压缩成功
<class 'list'>
202
邮件发送成功
昨天的统计结果已经发送完成
/usr/local/lib/python3.6/dist-packages/pymysql/cursors.py:329: Warning: (1292, "Incorrect datetime value: '%2019-12-19%' for column 'creationTime' at row 1")
  self._do_get_result()
2019-12-19
2019 12 19
从121服务器上获取数据
-------------------->
data is: 2019-12-19
mySql quering sqlOrder using:select * from t_user_operation where creationTime like '%2019-12-19%' 
[ 63 132 134 137 138]
OneDayDoctor:------>63
OneDayDoctor:------>132
OneDayDoctor:------>134
OneDayDoctor:------>137
OneDayDoctor:------>138
wo shi li:[63, 132, 134, 137, 138]
-----------> 0
-----------> 1
-----------> 2
-----------> 3
-----------> 4
pPath is:../../Data121/2019_12_19
../../Data121/2019_12_19/Doctors/Doc63.xlsx
-----------> 0
../../Data121/2019_12_19/Doctors/Doc132.xlsx
-----------> 0
../../Data121/2019_12_19/Doctors/Doc134.xlsx
-----------> 0
../../Data121/2019_12_19/Doctors/Doc137.xlsx
-----------> 0
../../Data121/2019_12_19/Doctors/Doc138.xlsx
-----------> 0
ExcelPath:../../Data121/2019_12_19/Doctors/Doc63.xlsx
['2019-12-19', '63/977', 'end:2019-12-19 18:19:05 begin:2019-12-19 11:08:47', '7.171', '7.161', 28, '15.34', '54.12']
ExcelPath:../../Data121/2019_12_19/Doctors/Doc132.xlsx
['2019-12-19', '132/977', 'end:2019-12-19 18:23:58 begin:2019-12-19 10:18:55', '8.084', '8.078', 23, '21.07', '55.18']
ExcelPath:../../Data121/2019_12_19/Doctors/Doc134.xlsx
['2019-12-19', '134/977', 'end:2019-12-19 18:10:10 begin:2019-12-19 08:07:53', '10.03', '10.02', 33, '18.23', '47.78']
ExcelPath:../../Data121/2019_12_19/Doctors/Doc137.xlsx
['2019-12-19', '137/977', 'end:2019-12-19 16:10:25 begin:2019-12-19 06:57:15', '9.219', '9.177', 31, '17.76', '82.42']
ExcelPath:../../Data121/2019_12_19/Doctors/Doc138.xlsx
['2019-12-19', '138/977', 'end:2019-12-19 20:00:21 begin:2019-12-19 06:58:26', '13.03', '11.55', 35, '19.80', '87.45']
-----------> 0
从61服务器上获取数据
-------------------->
data is: 2019-12-19
mySql quering sqlOrder using:select * from t_user_operation where creationTime like '%2019-12-19%' 
[ 52 137 142 150 156 175 210 224]
OneDayDoctor:------>52
OneDayDoctor:------>137
OneDayDoctor:------>142
OneDayDoctor:------>150
OneDayDoctor:------>156
OneDayDoctor:------>175
OneDayDoctor:------>210
OneDayDoctor:------>224
wo shi li:[52, 137, 142, 150, 156, 175, 210, 224]
-----------> 0
-----------> 1
-----------> 2
-----------> 3
-----------> 4
-----------> 5
-----------> 6
-----------> 7
pPath is:../../Data61/2019_12_19
../../Data61/2019_12_19/Doctors/Doc52.xlsx
-----------> 0
../../Data61/2019_12_19/Doctors/Doc137.xlsx
-----------> 0
../../Data61/2019_12_19/Doctors/Doc142.xlsx
-----------> 0
../../Data61/2019_12_19/Doctors/Doc150.xlsx
-----------> 0
../../Data61/2019_12_19/Doctors/Doc156.xlsx
-----------> 0
../../Data61/2019_12_19/Doctors/Doc175.xlsx
-----------> 0
../../Data61/2019_12_19/Doctors/Doc210.xlsx
-----------> 0
../../Data61/2019_12_19/Doctors/Doc224.xlsx
-----------> 0
ExcelPath:../../Data61/2019_12_19/Doctors/Doc52.xlsx
['2019-12-19', '52/10565', 'end:2019-12-19 18:29:03 begin:2019-12-19 07:09:26', '11.32', '11.25', 252, '2.678', '76.53']
ExcelPath:../../Data61/2019_12_19/Doctors/Doc137.xlsx
['2019-12-19', '137/10559', 'end:2019-12-19 06:55:25 begin:2019-12-19 06:40:52', '0.242', '0.242', 1, '14.55', '14.55']
ExcelPath:../../Data61/2019_12_19/Doctors/Doc142.xlsx
['2019-12-19', '142/10274/10548/10567', 'end:2019-12-19 18:30:17 begin:2019-12-19 09:35:03', '8.920', '8.368', 14, '35.86', '117.67']
ExcelPath:../../Data61/2019_12_19/Doctors/Doc150.xlsx
['2019-12-19', '150/10560', 'end:2019-12-19 15:26:14 begin:2019-12-19 07:58:48', '7.457', '6.869', 18, '22.89', '68.68']
ExcelPath:../../Data61/2019_12_19/Doctors/Doc156.xlsx
['2019-12-19', '156/10188', 'end:2019-12-19 17:05:14 begin:2019-12-19 11:50:06', '5.252', '5.160', 49, '6.319', '21.10']
ExcelPath:../../Data61/2019_12_19/Doctors/Doc175.xlsx
['2019-12-19', '175/10571', 'end:2019-12-19 21:45:56 begin:2019-12-19 16:54:45', '4.853', '4.510', 18, '15.03', '41.70']
ExcelPath:../../Data61/2019_12_19/Doctors/Doc210.xlsx
['2019-12-19', '210/10567', 'end:2019-12-19 15:54:51 begin:2019-12-19 09:12:16', '6.709', '6.641', 13, '30.65', '120.45']
ExcelPath:../../Data61/2019_12_19/Doctors/Doc224.xlsx
['2019-12-19', '224/10571', 'end:2019-12-19 18:59:35 begin:2019-12-19 09:09:09', '9.840', '9.736', 48, '12.17', '87.05']
-----------> 0
sheetname:Sheet2019-12-19
sheetname:Sheet2019-12-19
统计完成,开始发送邮件
------>
2019_12_19
dstPPath:-->../../testZip
dstPPath:-->2019_12_19
../../Data121/2019_12_19
dstPPath:-->../../testZip
dstPPath:-->2019_12_19
../../Data61/2019_12_19
dstPPath:-->../../testZip
dstPPath:-->2019_12_19
../../DataAllServer/2019_12_19
压缩成功
压缩成功
压缩成功
压缩成功
压缩成功
压缩成功
<class 'list'>
202
邮件发送成功
昨天的统计结果已经发送完成
/usr/local/lib/python3.6/dist-packages/pymysql/cursors.py:329: Warning: (1292, "Incorrect datetime value: '%2019-12-20%' for column 'creationTime' at row 1")
  self._do_get_result()
2019-12-20
2019 12 20
从121服务器上获取数据
-------------------->
data is: 2019-12-20
mySql quering sqlOrder using:select * from t_user_operation where creationTime like '%2019-12-20%' 
[ 59  92 132 137 138 155]
OneDayDoctor:------>59
OneDayDoctor:------>92
OneDayDoctor:------>132
OneDayDoctor:------>137
OneDayDoctor:------>138
OneDayDoctor:------>155
wo shi li:[59, 92, 132, 137, 138, 155]
-----------> 0
-----------> 1
-----------> 2
-----------> 3
-----------> 4
-----------> 5
pPath is:../../Data121/2019_12_20
../../Data121/2019_12_20/Doctors/Doc59.xlsx
-----------> 0
../../Data121/2019_12_20/Doctors/Doc92.xlsx
-----------> 0
../../Data121/2019_12_20/Doctors/Doc132.xlsx
-----------> 0
../../Data121/2019_12_20/Doctors/Doc137.xlsx
-----------> 0
../../Data121/2019_12_20/Doctors/Doc138.xlsx
-----------> 0
../../Data121/2019_12_20/Doctors/Doc155.xlsx
-----------> 0
ExcelPath:../../Data121/2019_12_20/Doctors/Doc59.xlsx
['2019-12-20', '59/977', 'end:2019-12-20 22:09:34 begin:2019-12-20 17:18:52', '4.845', '4.623', 24, '11.55', '28.77']
ExcelPath:../../Data121/2019_12_20/Doctors/Doc92.xlsx
['2019-12-20', '92/977', 'end:2019-12-20 21:08:35 begin:2019-12-20 12:36:29', '8.535', '7.658', 28, '16.41', '40.40']
ExcelPath:../../Data121/2019_12_20/Doctors/Doc132.xlsx
['2019-12-20', '132/977', 'end:2019-12-20 18:38:00 begin:2019-12-20 08:52:46', '9.753', '7.871', 22, '21.46', '86.63']
ExcelPath:../../Data121/2019_12_20/Doctors/Doc137.xlsx
['2019-12-20', '137/977', 'end:2019-12-20 19:57:55 begin:2019-12-20 06:34:47', '13.38', '10.59', 35, '18.16', '59.58']
ExcelPath:../../Data121/2019_12_20/Doctors/Doc138.xlsx
['2019-12-20', '138/977', 'end:2019-12-20 19:56:56 begin:2019-12-20 10:03:05', '9.897', '8.574', 30, '17.14', '37.98']
ExcelPath:../../Data121/2019_12_20/Doctors/Doc155.xlsx
['2019-12-20', '155/977', 'end:2019-12-20 17:03:58 begin:2019-12-20 09:51:12', '7.212', '7.204', 26, '16.62', '87.77']
-----------> 0
从61服务器上获取数据
-------------------->
data is: 2019-12-20
mySql quering sqlOrder using:select * from t_user_operation where creationTime like '%2019-12-20%' 
[ 42  85  95 122 127 156 235]
OneDayDoctor:------>42
OneDayDoctor:------>85
OneDayDoctor:------>95
OneDayDoctor:------>122
OneDayDoctor:------>127
OneDayDoctor:------>156
OneDayDoctor:------>235
wo shi li:[42, 85, 95, 122, 127, 156, 235]
-----------> 0
-----------> 1
-----------> 2
-----------> 3
-----------> 4
-----------> 5
-----------> 6
pPath is:../../Data61/2019_12_20
../../Data61/2019_12_20/Doctors/Doc42.xlsx
-----------> 0
../../Data61/2019_12_20/Doctors/Doc85.xlsx
-----------> 0
../../Data61/2019_12_20/Doctors/Doc95.xlsx
-----------> 0
../../Data61/2019_12_20/Doctors/Doc122.xlsx
-----------> 0
../../Data61/2019_12_20/Doctors/Doc127.xlsx
-----------> 0
../../Data61/2019_12_20/Doctors/Doc156.xlsx
-----------> 0
../../Data61/2019_12_20/Doctors/Doc235.xlsx
-----------> 0
ExcelPath:../../Data61/2019_12_20/Doctors/Doc42.xlsx
['2019-12-20', '42/10191', 'end:2019-12-20 14:29:47 begin:2019-12-20 09:03:09', '5.443', '5.433', 39, '8.358', '69.73']
ExcelPath:../../Data61/2019_12_20/Doctors/Doc85.xlsx
['2019-12-20', '85/10480', 'end:2019-12-20 15:27:13 begin:2019-12-20 08:09:22', '7.297', '7.254', 11, '39.56', '97.42']
ExcelPath:../../Data61/2019_12_20/Doctors/Doc95.xlsx
['2019-12-20', '95/10583/10567', 'end:2019-12-20 21:14:11 begin:2019-12-20 11:19:38', '9.909', '9.863', 48, '12.32', '84.08']
ExcelPath:../../Data61/2019_12_20/Doctors/Doc122.xlsx
['2019-12-20', '122/10533', 'end:2019-12-20 20:37:19 begin:2019-12-20 07:34:46', '13.04', '11.62', 40, '17.43', '45.53']
ExcelPath:../../Data61/2019_12_20/Doctors/Doc127.xlsx
['2019-12-20', '127/10451', 'end:2019-12-20 20:09:07 begin:2019-12-20 12:14:50', '7.904', '7.180', 118, '3.650', '57.42']
ExcelPath:../../Data61/2019_12_20/Doctors/Doc156.xlsx
['2019-12-20', '156/10188', 'end:2019-12-20 15:25:51 begin:2019-12-20 08:58:48', '6.450', '6.429', 40, '9.644', '75.42']
ExcelPath:../../Data61/2019_12_20/Doctors/Doc235.xlsx
['2019-12-20', '235/10480/10571', 'end:2019-12-20 21:55:18 begin:2019-12-20 17:45:00', '4.171', '3.411', 39, '5.248', '21.00']
-----------> 0
sheetname:Sheet2019-12-20
sheetname:Sheet2019-12-20
统计完成,开始发送邮件
------>
2019_12_20
dstPPath:-->../../testZip
dstPPath:-->2019_12_20
../../Data121/2019_12_20
dstPPath:-->../../testZip
dstPPath:-->2019_12_20
../../Data61/2019_12_20
dstPPath:-->../../testZip
dstPPath:-->2019_12_20
../../DataAllServer/2019_12_20
压缩成功
压缩成功
压缩成功
<class 'list'>
202
邮件发送成功
昨天的统计结果已经发送完成
2019-12-21
2019 12 21
从121服务器上获取数据
-------------------->
data is: 2019-12-21
mySql quering sqlOrder using:select * from t_user_operation where creationTime like '%2019-12-21%' 
[ 54  56  59 132 137 138 145 183]
OneDayDoctor:------>54
OneDayDoctor:------>56
OneDayDoctor:------>59
OneDayDoctor:------>132
OneDayDoctor:------>137
OneDayDoctor:------>138
OneDayDoctor:------>145
OneDayDoctor:------>183
wo shi li:[54, 56, 59, 132, 137, 138, 145, 183]
-----------> 0
-----------> 1
-----------> 2
-----------> 3
-----------> 4
-----------> 5
-----------> 6
-----------> 7
pPath is:../../Data121/2019_12_21
../../Data121/2019_12_21/Doctors/Doc54.xlsx
-----------> 0
../../Data121/2019_12_21/Doctors/Doc56.xlsx
-----------> 0
../../Data121/2019_12_21/Doctors/Doc59.xlsx
-----------> 0
../../Data121/2019_12_21/Doctors/Doc132.xlsx
-----------> 0
../../Data121/2019_12_21/Doctors/Doc137.xlsx
-----------> 0
../../Data121/2019_12_21/Doctors/Doc138.xlsx
-----------> 0
../../Data121/2019_12_21/Doctors/Doc145.xlsx
-----------> 0
../../Data121/2019_12_21/Doctors/Doc183.xlsx
-----------> 0
ExcelPath:../../Data121/2019_12_21/Doctors/Doc54.xlsx
['2019-12-21', '54/977', 'end:2019-12-21 13:46:33 begin:2019-12-21 09:10:23', '4.602', '4.589', 15, '18.35', '68.42']
ExcelPath:../../Data121/2019_12_21/Doctors/Doc56.xlsx
['2019-12-21', '56/977/595/699', 'end:2019-12-21 20:41:44 begin:2019-12-21 06:55:41', '13.76', '7.066', 23, '18.43', '94.03']
ExcelPath:../../Data121/2019_12_21/Doctors/Doc59.xlsx
['2019-12-21', '59/977/699', 'end:2019-12-21 20:43:11 begin:2019-12-21 06:29:19', '14.23', '7.375', 30, '14.75', '75.83']
ExcelPath:../../Data121/2019_12_21/Doctors/Doc132.xlsx
['2019-12-21', '132/977', 'end:2019-12-21 13:50:18 begin:2019-12-21 08:47:09', '5.052', '4.931', 16, '18.49', '90.95']
ExcelPath:../../Data121/2019_12_21/Doctors/Doc137.xlsx
['2019-12-21', '137/977', 'end:2019-12-21 13:55:22 begin:2019-12-21 07:05:32', '6.830', '6.813', 20, '20.44', '76.02']
ExcelPath:../../Data121/2019_12_21/Doctors/Doc138.xlsx
['2019-12-21', '138/977/595', 'end:2019-12-21 21:30:49 begin:2019-12-21 08:40:43', '12.83', '6.380', 16, '23.92', '76.62']
ExcelPath:../../Data121/2019_12_21/Doctors/Doc145.xlsx
['2019-12-21', '145/977', 'end:2019-12-21 13:38:19 begin:2019-12-21 09:11:44', '4.443', '3.268', 12, '16.34', '34.62']
ExcelPath:../../Data121/2019_12_21/Doctors/Doc183.xlsx
['2019-12-21', '183/977', 'end:2019-12-21 13:39:50 begin:2019-12-21 09:55:53', '3.732', '3.353', 13, '15.47', '54.33']
-----------> 0
从61服务器上获取数据
-------------------->
data is: 2019-12-21
mySql quering sqlOrder using:select * from t_user_operation where creationTime like '%2019-12-21%' 
[ 43  52  54  56  59  95  97 105 113 122 132 137 138 142 145 156 175 183
 201 220 235]
OneDayDoctor:------>43
OneDayDoctor:------>52
OneDayDoctor:------>54
OneDayDoctor:------>56
OneDayDoctor:------>59
OneDayDoctor:------>95
OneDayDoctor:------>97
OneDayDoctor:------>105
OneDayDoctor:------>113
OneDayDoctor:------>122
OneDayDoctor:------>132
OneDayDoctor:------>137
OneDayDoctor:------>138
OneDayDoctor:------>142
OneDayDoctor:------>145
OneDayDoctor:------>156
OneDayDoctor:------>175
OneDayDoctor:------>183
OneDayDoctor:------>201
OneDayDoctor:------>220
OneDayDoctor:------>235
wo shi li:[43, 52, 54, 56, 59, 95, 97, 105, 113, 122, 132, 137, 138, 142, 145, 156, 175, 183, 201, 220, 235]
-----------> 0
-----------> 1
-----------> 2
-----------> 3
-----------> 4
-----------> 5
-----------> 6
-----------> 7
-----------> 8
-----------> 9
-----------> 10
-----------> 11
-----------> 12
-----------> 13
-----------> 14
-----------> 15
-----------> 16
-----------> 17
-----------> 18
-----------> 19
-----------> 20
pPath is:../../Data61/2019_12_21
../../Data61/2019_12_21/Doctors/Doc43.xlsx
-----------> 0
../../Data61/2019_12_21/Doctors/Doc52.xlsx
-----------> 0
../../Data61/2019_12_21/Doctors/Doc54.xlsx
-----------> 0
../../Data61/2019_12_21/Doctors/Doc56.xlsx
-----------> 0
../../Data61/2019_12_21/Doctors/Doc59.xlsx
-----------> 0
../../Data61/2019_12_21/Doctors/Doc95.xlsx
-----------> 0
../../Data61/2019_12_21/Doctors/Doc97.xlsx
-----------> 0
../../Data61/2019_12_21/Doctors/Doc105.xlsx
-----------> 0
../../Data61/2019_12_21/Doctors/Doc113.xlsx
-----------> 0
../../Data61/2019_12_21/Doctors/Doc122.xlsx
-----------> 0
../../Data61/2019_12_21/Doctors/Doc132.xlsx
-----------> 0
../../Data61/2019_12_21/Doctors/Doc137.xlsx
-----------> 0
../../Data61/2019_12_21/Doctors/Doc138.xlsx
-----------> 0
../../Data61/2019_12_21/Doctors/Doc142.xlsx
-----------> 0
../../Data61/2019_12_21/Doctors/Doc145.xlsx
-----------> 0
../../Data61/2019_12_21/Doctors/Doc156.xlsx
-----------> 0
../../Data61/2019_12_21/Doctors/Doc175.xlsx
-----------> 0
../../Data61/2019_12_21/Doctors/Doc183.xlsx
-----------> 0
../../Data61/2019_12_21/Doctors/Doc201.xlsx
-----------> 0
../../Data61/2019_12_21/Doctors/Doc220.xlsx
-----------> 0
../../Data61/2019_12_21/Doctors/Doc235.xlsx
-----------> 0
ExcelPath:../../Data61/2019_12_21/Doctors/Doc43.xlsx
['2019-12-21', '43/10516', 'end:2019-12-21 21:22:26 begin:2019-12-21 08:26:19', '12.93', '12.64', 272, '2.788', '77.92']
ExcelPath:../../Data61/2019_12_21/Doctors/Doc52.xlsx
['2019-12-21', '52/10565', 'end:2019-12-21 18:45:00 begin:2019-12-21 07:23:40', '11.35', '11.23', 148, '4.555', '75.63']
ExcelPath:../../Data61/2019_12_21/Doctors/Doc54.xlsx
['2019-12-21', '54/10412/10447', 'end:2019-12-21 17:11:32 begin:2019-12-21 13:53:31', '3.300', '3.225', 53, '3.650', '11.55']
ExcelPath:../../Data61/2019_12_21/Doctors/Doc56.xlsx
['2019-12-21', '56/10412/10447', 'end:2019-12-21 19:43:12 begin:2019-12-21 13:52:13', '5.849', '5.155', 35, '8.837', '43.25']
ExcelPath:../../Data61/2019_12_21/Doctors/Doc59.xlsx
['2019-12-21', '59/10447', 'end:2019-12-21 20:16:00 begin:2019-12-21 13:51:17', '6.411', '6.282', 50, '7.539', '27.57']
ExcelPath:../../Data61/2019_12_21/Doctors/Doc95.xlsx
['2019-12-21', '95/10583', 'end:2019-12-21 17:57:10 begin:2019-12-21 07:22:51', '10.57', '10.55', 42, '15.08', '123.10']
ExcelPath:../../Data61/2019_12_21/Doctors/Doc97.xlsx
['2019-12-21', '97/10584/10567', 'end:2019-12-21 20:30:24 begin:2019-12-21 08:36:39', '11.89', '11.76', 45, '15.69', '71.53']
ExcelPath:../../Data61/2019_12_21/Doctors/Doc105.xlsx
['2019-12-21', '105/10560', 'end:2019-12-21 20:40:35 begin:2019-12-21 08:42:35', '11.96', '11.40', 21, '32.59', '85.40']
ExcelPath:../../Data61/2019_12_21/Doctors/Doc113.xlsx
['2019-12-21', '113/10191', 'end:2019-12-21 18:14:08 begin:2019-12-21 09:30:32', '8.726', '8.684', 96, '5.427', '67.53']
ExcelPath:../../Data61/2019_12_21/Doctors/Doc122.xlsx
['2019-12-21', '122/10533', 'end:2019-12-21 16:37:21 begin:2019-12-21 07:26:51', '9.175', '9.059', 26, '20.90', '82.40']
ExcelPath:../../Data61/2019_12_21/Doctors/Doc132.xlsx
['2019-12-21', '132/10447', 'end:2019-12-21 20:03:19 begin:2019-12-21 14:05:30', '5.963', '5.717', 39, '8.796', '28.42']
ExcelPath:../../Data61/2019_12_21/Doctors/Doc137.xlsx
['2019-12-21', '137/10447', 'end:2019-12-21 18:12:43 begin:2019-12-21 14:00:24', '4.205', '4.195', 39, '6.455', '43.72']
ExcelPath:../../Data61/2019_12_21/Doctors/Doc138.xlsx
['2019-12-21', '138/10411/10447', 'end:2019-12-21 19:53:18 begin:2019-12-21 13:55:00', '5.971', '5.362', 44, '7.312', '34.75']
ExcelPath:../../Data61/2019_12_21/Doctors/Doc142.xlsx
['2019-12-21', '142/10567', 'end:2019-12-21 18:24:38 begin:2019-12-21 09:31:47', '8.880', '6.282', 20, '18.84', '48.17']
ExcelPath:../../Data61/2019_12_21/Doctors/Doc145.xlsx
['2019-12-21', '145/10447', 'end:2019-12-21 15:59:48 begin:2019-12-21 14:00:26', '1.989', '1.983', 23, '5.175', '12.57']
ExcelPath:../../Data61/2019_12_21/Doctors/Doc156.xlsx
['2019-12-21', '156/10188', 'end:2019-12-21 21:47:18 begin:2019-12-21 14:51:36', '6.928', '6.894', 50, '8.273', '191.50']
ExcelPath:../../Data61/2019_12_21/Doctors/Doc175.xlsx
['2019-12-21', '175/10571', 'end:2019-12-21 21:45:52 begin:2019-12-21 11:48:23', '9.958', '9.929', 33, '18.05', '183.63']
ExcelPath:../../Data61/2019_12_21/Doctors/Doc183.xlsx
['2019-12-21', '183/10447', 'end:2019-12-21 17:31:55 begin:2019-12-21 13:51:41', '3.670', '3.663', 25, '8.792', '16.50']
ExcelPath:../../Data61/2019_12_21/Doctors/Doc201.xlsx
['2019-12-21', '201/10191', 'end:2019-12-21 14:59:02 begin:2019-12-21 07:20:19', '7.645', '7.558', 51, '8.892', '74.43']/usr/local/lib/python3.6/dist-packages/pymysql/cursors.py:329: Warning: (1292, "Incorrect datetime value: '%2019-12-21%' for column 'creationTime' at row 1")
  self._do_get_result()

ExcelPath:../../Data61/2019_12_21/Doctors/Doc220.xlsx
['2019-12-21', '220/10571', 'end:2019-12-21 18:40:37 begin:2019-12-21 11:12:48', '7.463', '5.213', 21, '14.89', '35.92']
ExcelPath:../../Data61/2019_12_21/Doctors/Doc235.xlsx
['2019-12-21', '235/10480', 'end:2019-12-21 21:40:05 begin:2019-12-21 10:53:40', '10.77', '10.42', 15, '41.7', '210.22']
-----------> 0
sheetname:Sheet2019-12-21
sheetname:Sheet2019-12-21
统计完成,开始发送邮件
------>
2019_12_21
dstPPath:-->../../testZip
dstPPath:-->2019_12_21
../../Data121/2019_12_21
dstPPath:-->../../testZip
dstPPath:-->2019_12_21
../../Data61/2019_12_21
dstPPath:-->../../testZip
dstPPath:-->2019_12_21
../../DataAllServer/2019_12_21
压缩成功
压缩成功
压缩成功
<class 'list'>
426
邮件发送成功
昨天的统计结果已经发送完成
2019-12-22
2019 12 22
从121服务器上获取数据
-------------------->
data is: 2019-12-22
mySql quering sqlOrder using:select * from t_user_operation where creationTime like '%2019-12-22%' 
[ 54  56  63 102 127 132 137 138 145]
OneDayDoctor:------>54
OneDayDoctor:------>56
OneDayDoctor:------>63
OneDayDoctor:------>102
OneDayDoctor:------>127
OneDayDoctor:------>132
OneDayDoctor:------>137
OneDayDoctor:------>138
OneDayDoctor:------>145
wo shi li:[54, 56, 63, 102, 127, 132, 137, 138, 145]
-----------> 0
-----------> 1
-----------> 2
-----------> 3
-----------> 4
-----------> 5
-----------> 6
-----------> 7
-----------> 8
pPath is:../../Data121/2019_12_22
../../Data121/2019_12_22/Doctors/Doc54.xlsx
-----------> 0
../../Data121/2019_12_22/Doctors/Doc56.xlsx
-----------> 0
../../Data121/2019_12_22/Doctors/Doc63.xlsx
-----------> 0
../../Data121/2019_12_22/Doctors/Doc102.xlsx
-----------> 0
../../Data121/2019_12_22/Doctors/Doc127.xlsx
-----------> 0
../../Data121/2019_12_22/Doctors/Doc132.xlsx
-----------> 0
../../Data121/2019_12_22/Doctors/Doc137.xlsx
-----------> 0
../../Data121/2019_12_22/Doctors/Doc138.xlsx
-----------> 0
../../Data121/2019_12_22/Doctors/Doc145.xlsx
-----------> 0
ExcelPath:../../Data121/2019_12_22/Doctors/Doc54.xlsx
['2019-12-22', '54/595/699', 'end:2019-12-22 12:05:20 begin:2019-12-22 08:21:09', '3.736', '2.421', 13, '11.17', '16.25']
ExcelPath:../../Data121/2019_12_22/Doctors/Doc56.xlsx
['2019-12-22', '56/595/699', 'end:2019-12-22 20:37:19 begin:2019-12-22 06:57:23', '13.66', '12.30', 46, '16.05', '71.18']
ExcelPath:../../Data121/2019_12_22/Doctors/Doc63.xlsx
['2019-12-22', '63/595/699', 'end:2019-12-22 18:23:29 begin:2019-12-22 09:03:33', '9.332', '9.135', 28, '19.57', '118.08']
ExcelPath:../../Data121/2019_12_22/Doctors/Doc102.xlsx
['2019-12-22', '102/752', 'end:2019-12-22 18:04:38 begin:2019-12-22 14:51:59', '3.210', '3.147', 58, '3.256', '9.32']
ExcelPath:../../Data121/2019_12_22/Doctors/Doc127.xlsx
['2019-12-22', '127/752', 'end:2019-12-22 18:16:13 begin:2019-12-22 13:40:43', '4.591', '4.568', 89, '3.079', '26.87']
ExcelPath:../../Data121/2019_12_22/Doctors/Doc132.xlsx
['2019-12-22', '132/595/699', 'end:2019-12-22 20:05:58 begin:2019-12-22 09:13:09', '10.88', '10.39', 36, '17.33', '88.53']
ExcelPath:../../Data121/2019_12_22/Doctors/Doc137.xlsx
['2019-12-22', '137/977/595/699', 'end:2019-12-22 18:26:41 begin:2019-12-22 08:38:46', '9.798', '8.643', 30, '17.28', '88.52']
ExcelPath:../../Data121/2019_12_22/Doctors/Doc138.xlsx
['2019-12-22', '138/595/699', 'end:2019-12-22 16:56:11 begin:2019-12-22 08:12:00', '8.736', '8.391', 25, '20.13', '86.75']
ExcelPath:../../Data121/2019_12_22/Doctors/Doc145.xlsx
['2019-12-22', '145/595/699', 'end:2019-12-22 17:30:06 begin:2019-12-22 09:27:16', '8.047', '7.875', 31, '15.24', '82.03']
-----------> 0
从61服务器上获取数据
-------------------->
data is: 2019-12-22
mySql quering sqlOrder using:select * from t_user_operation where creationTime like '%2019-12-22%' 
[ 41  42  43  45  47  52  54  56  63  85  95  97 102 122 127 132 156 175
 220 224]
OneDayDoctor:------>41
OneDayDoctor:------>42
OneDayDoctor:------>43
OneDayDoctor:------>45
OneDayDoctor:------>47
OneDayDoctor:------>52
OneDayDoctor:------>54
OneDayDoctor:------>56
OneDayDoctor:------>63
OneDayDoctor:------>85
OneDayDoctor:------>95
OneDayDoctor:------>97
OneDayDoctor:------>102
OneDayDoctor:------>122
OneDayDoctor:------>127
OneDayDoctor:------>132
OneDayDoctor:------>156
OneDayDoctor:------>175
OneDayDoctor:------>220
OneDayDoctor:------>224
wo shi li:[41, 42, 43, 45, 47, 52, 54, 56, 63, 85, 95, 97, 102, 122, 127, 132, 156, 175, 220, 224]
-----------> 0
-----------> 1
-----------> 2
-----------> 3
-----------> 4
-----------> 5
-----------> 6
-----------> 7
-----------> 8
-----------> 9
-----------> 10
-----------> 11
-----------> 12
-----------> 13
-----------> 14
-----------> 15
-----------> 16
-----------> 17
-----------> 18
-----------> 19
pPath is:../../Data61/2019_12_22
../../Data61/2019_12_22/Doctors/Doc41.xlsx
-----------> 0
../../Data61/2019_12_22/Doctors/Doc42.xlsx
-----------> 0
../../Data61/2019_12_22/Doctors/Doc43.xlsx
-----------> 0
../../Data61/2019_12_22/Doctors/Doc45.xlsx
-----------> 0
../../Data61/2019_12_22/Doctors/Doc47.xlsx
-----------> 0
../../Data61/2019_12_22/Doctors/Doc52.xlsx
-----------> 0
../../Data61/2019_12_22/Doctors/Doc54.xlsx
-----------> 0
../../Data61/2019_12_22/Doctors/Doc56.xlsx
-----------> 0
../../Data61/2019_12_22/Doctors/Doc63.xlsx
-----------> 0
../../Data61/2019_12_22/Doctors/Doc85.xlsx
-----------> 0
../../Data61/2019_12_22/Doctors/Doc95.xlsx
-----------> 0
../../Data61/2019_12_22/Doctors/Doc97.xlsx
-----------> 0
../../Data61/2019_12_22/Doctors/Doc102.xlsx
-----------> 0
../../Data61/2019_12_22/Doctors/Doc122.xlsx
-----------> 0
../../Data61/2019_12_22/Doctors/Doc127.xlsx
-----------> 0
../../Data61/2019_12_22/Doctors/Doc132.xlsx
-----------> 0
../../Data61/2019_12_22/Doctors/Doc156.xlsx
-----------> 0
../../Data61/2019_12_22/Doctors/Doc175.xlsx
-----------> 0
../../Data61/2019_12_22/Doctors/Doc220.xlsx
-----------> 0
../../Data61/2019_12_22/Doctors/Doc224.xlsx
-----------> 0
ExcelPath:../../Data61/2019_12_22/Doctors/Doc41.xlsx
['2019-12-22', '41/10264', 'end:2019-12-22 20:48:56 begin:2019-12-22 08:57:13', '11.86', '10.96', 39, '16.87', '142.22']
ExcelPath:../../Data61/2019_12_22/Doctors/Doc42.xlsx
['2019-12-22', '42/10191', 'end:2019-12-22 16:40:03 begin:2019-12-22 08:12:04', '8.466', '8.447', 62, '8.175', '67.02']
ExcelPath:../../Data61/2019_12_22/Doctors/Doc43.xlsx
['2019-12-22', '43/10516', 'end:2019-12-22 20:08:35 begin:2019-12-22 07:12:09', '12.94', '12.72', 257, '2.971', '72.27']
ExcelPath:../../Data61/2019_12_22/Doctors/Doc45.xlsx
['2019-12-22', '45/10565', 'end:2019-12-22 20:37:15 begin:2019-12-22 07:46:12', '12.85', '12.64', 146, '5.197', '74.70']
ExcelPath:../../Data61/2019_12_22/Doctors/Doc47.xlsx
['2019-12-22', '47/10565', 'end:2019-12-22 16:29:23 begin:2019-12-22 07:59:22', '8.500', '8.448', 83, '6.107', '75.48']
ExcelPath:../../Data61/2019_12_22/Doctors/Doc52.xlsx
['2019-12-22', '52/10565', 'end:2019-12-22 18:37:23 begin:2019-12-22 07:22:54', '11.24', '11.18', 172, '3.901', '72.30']
ExcelPath:../../Data61/2019_12_22/Doctors/Doc54.xlsx
['2019-12-22', '54/10447', 'end:2019-12-22 08:19:59 begin:2019-12-22 08:00:15', '0.328', '0.327', 6, '3.274', '6.87']
ExcelPath:../../Data61/2019_12_22/Doctors/Doc56.xlsx
['2019-12-22', '56/10447', 'end:2019-12-22 09:56:14 begin:2019-12-22 09:20:23', '0.597', '0.595', 6, '5.958', '8.88']
ExcelPath:../../Data61/2019_12_22/Doctors/Doc63.xlsx
['2019-12-22', '63/10447', 'end:2019-12-22 09:02:24 begin:2019-12-22 07:41:58', '1.340', '1.338', 7, '11.47', '19.20']
ExcelPath:../../Data61/2019_12_22/Doctors/Doc85.xlsx
['2019-12-22', '85/10480', 'end:2019-12-22 20:47:35 begin:2019-12-22 08:14:34', '12.55', '12.54', 22, '34.21', '110.88']
ExcelPath:../../Data61/2019_12_22/Doctors/Doc95.xlsx
['2019-12-22', '95/10584/10567/10583', 'end:2019-12-22 21:14:19 begin:2019-12-22 08:02:18', '13.20', '13.01', 73, '10.69', '65.65']
ExcelPath:../../Data61/2019_12_22/Doctors/Doc97.xlsx
['2019-12-22', '97/10584/10567', 'end:2019-12-22 20:30:19 begin:2019-12-22 08:37:50', '11.87', '11.09', 69, '9.646', '86.00']
ExcelPath:../../Data61/2019_12_22/Doctors/Doc102.xlsx
['2019-12-22', '102/10530/10451', 'end:2019-12-22 14:48:12 begin:2019-12-22 08:08:20', '6.664', '6.344', 77, '4.943', '62.17']
ExcelPath:../../Data61/2019_12_22/Doctors/Doc122.xlsx
['2019-12-22', '122/10533', 'end:2019-12-22 14:26:36 begin:2019-12-22 09:41:43', '4.748', '3.727', 14, '15.97', '40.47']
ExcelPath:../../Data61/2019_12_22/Doctors/Doc127.xlsx
['2019-12-22', '127/10451', 'end:2019-12-22 13:28:33 begin:2019-12-22 08:24:02', '5.075', '5.028', 88, '3.428', '52.50']
ExcelPath:../../Data61/2019_12_22/Doctors/Doc132.xlsx
['2019-12-22', '132/10447', 'end:2019-12-22 09:10:51 begin:2019-12-22 08:54:08', '0.278', '0.278', 2, '8.341', '10.92']
ExcelPath:../../Data61/2019_12_22/Doctors/Doc156.xlsx
['2019-12-22', '156/10157', 'end:2019-12-22 17:09:12 begin:2019-12-22 10:13:20', '6.931', '6.816', 41, '9.975', '63.85']
ExcelPath:../../Data61/2019_12_22/Doctors/Doc175.xlsx
['2019-12-22', '175/10571', 'end:2019-12-22 21:34:20 begin:2019-12-22 09:24:51', '12.15', '11.53', 36, '19.21', '81.98']/usr/local/lib/python3.6/dist-packages/pymysql/cursors.py:329: Warning: (1292, "Incorrect datetime value: '%2019-12-22%' for column 'creationTime' at row 1")
  self._do_get_result()

ExcelPath:../../Data61/2019_12_22/Doctors/Doc220.xlsx
['2019-12-22', '220/10571', 'end:2019-12-22 18:49:07 begin:2019-12-22 08:06:03', '10.71', '8.780', 30, '17.56', '33.47']
ExcelPath:../../Data61/2019_12_22/Doctors/Doc224.xlsx
['2019-12-22', '224/10571', 'end:2019-12-22 18:06:35 begin:2019-12-22 08:14:59', '9.860', '9.823', 41, '14.37', '75.88']
-----------> 0
sheetname:Sheet2019-12-22
sheetname:Sheet2019-12-22
统计完成,开始发送邮件
------>
2019_12_22
dstPPath:-->../../testZip
dstPPath:-->2019_12_22
../../Data121/2019_12_22
dstPPath:-->../../testZip
dstPPath:-->2019_12_22
../../Data61/2019_12_22
dstPPath:-->../../testZip
dstPPath:-->2019_12_22
../../DataAllServer/2019_12_22
压缩成功
压缩成功
压缩成功
<class 'list'>
426
邮件发送成功
昨天的统计结果已经发送完成
/usr/local/lib/python3.6/dist-packages/pymysql/cursors.py:329: Warning: (1292, "Incorrect datetime value: '%2019-12-23%' for column 'creationTime' at row 1")
  self._do_get_result()
2019-12-23
2019 12 23
从121服务器上获取数据
mySql quering sqlOrder using:select id,name from t_eva_task 
-------------------->
data is: 2019-12-23
mySql quering sqlOrder using:select * from t_user_operation where creationTime like '%2019-12-23%' 
[127 132 134 151]
OneDayDoctor:------>127
OneDayDoctor:------>132
OneDayDoctor:------>134
OneDayDoctor:------>151
wo shi li:[127, 132, 134, 151]
-----------> 0
-----------> 1
-----------> 2
-----------> 3
pPath is:../../Data121/2019_12_23
../../Data121/2019_12_23/Doctors/Doc127.xlsx
-----------> 0
../../Data121/2019_12_23/Doctors/Doc132.xlsx
-----------> 0
../../Data121/2019_12_23/Doctors/Doc134.xlsx
-----------> 0
../../Data121/2019_12_23/Doctors/Doc151.xlsx
-----------> 0
ExcelPath:../../Data121/2019_12_23/Doctors/Doc127.xlsx
['2019-12-23', '127', '/钼靶正式标注PHIL-B1-489', 'end:2019-12-23 20:01:14 begin:2019-12-23 10:12:14', '9.816', '9.757', 119, '4.919', '78.48']
ExcelPath:../../Data121/2019_12_23/Doctors/Doc132.xlsx
['2019-12-23', '132', '/肺结节薄层盲标_part2_HNJ', 'end:2019-12-23 10:18:25 begin:2019-12-23 08:46:37', '1.530', '1.528', 8, '11.46', '23.30']
ExcelPath:../../Data121/2019_12_23/Doctors/Doc134.xlsx
['2019-12-23', '134', '/肺结节薄层盲标_part2_HNJ', 'end:2019-12-23 10:14:59 begin:2019-12-23 07:40:54', '2.568', '2.247', 10, '13.48', '36.82']
ExcelPath:../../Data121/2019_12_23/Doctors/Doc151.xlsx
['2019-12-23', '151', '/肺结节薄层盲标_part2_HNJ', 'end:2019-12-23 10:15:33 begin:2019-12-23 09:07:04', '1.141', '1.140', 4, '17.10', '30.47']
-----------> 0
从61服务器上获取数据
mySql quering sqlOrder using:select id,name from t_eva_task 
-------------------->
data is: 2019-12-23
mySql quering sqlOrder using:select * from t_user_operation where creationTime like '%2019-12-23%' 
[ 47  92  95 132 134 146 151 156 235 240]
OneDayDoctor:------>47
OneDayDoctor:------>92
OneDayDoctor:------>95
OneDayDoctor:------>132
OneDayDoctor:------>134
OneDayDoctor:------>146
OneDayDoctor:------>151
OneDayDoctor:------>156
OneDayDoctor:------>235
OneDayDoctor:------>240
wo shi li:[47, 92, 95, 132, 134, 146, 151, 156, 235, 240]
-----------> 0
-----------> 1
-----------> 2
-----------> 3
-----------> 4
-----------> 5
-----------> 6
-----------> 7
-----------> 8
-----------> 9
pPath is:../../Data61/2019_12_23
../../Data61/2019_12_23/Doctors/Doc47.xlsx
-----------> 0
../../Data61/2019_12_23/Doctors/Doc92.xlsx
-----------> 0
../../Data61/2019_12_23/Doctors/Doc95.xlsx
-----------> 0
../../Data61/2019_12_23/Doctors/Doc132.xlsx
-----------> 0
../../Data61/2019_12_23/Doctors/Doc134.xlsx
-----------> 0
../../Data61/2019_12_23/Doctors/Doc146.xlsx
-----------> 0
../../Data61/2019_12_23/Doctors/Doc151.xlsx
-----------> 0
../../Data61/2019_12_23/Doctors/Doc156.xlsx
-----------> 0
../../Data61/2019_12_23/Doctors/Doc235.xlsx
-----------> 0
../../Data61/2019_12_23/Doctors/Doc240.xlsx
-----------> 0
ExcelPath:../../Data61/2019_12_23/Doctors/Doc47.xlsx
['2019-12-23', '47', '/肺全科补框M1T1-D52-1201', 'end:2019-12-23 16:22:46 begin:2019-12-23 09:07:16', '7.258', '7.242', 64, '6.789', '85.92']
ExcelPath:../../Data61/2019_12_23/Doctors/Doc92.xlsx
['2019-12-23', '92', '/肺结节薄层标注0.6mm_qy', 'end:2019-12-23 21:53:50 begin:2019-12-23 17:25:12', '4.477', '3.914', 8, '29.36', '40.32']
ExcelPath:../../Data61/2019_12_23/Doctors/Doc95.xlsx
['2019-12-23', '95', '/纵膈-tjmu-甲状腺结节-补充标注', 'end:2019-12-23 21:28:30 begin:2019-12-23 12:21:08', '9.122', '9.016', 60, '9.016', '26.93']
ExcelPath:../../Data61/2019_12_23/Doctors/Doc132.xlsx
['2019-12-23', '132', '/肺结节薄层标注0.6mm_qy', 'end:2019-12-23 17:48:11 begin:2019-12-23 10:19:36', '7.476', '7.465', 24, '18.66', '75.23']
ExcelPath:../../Data61/2019_12_23/Doctors/Doc134.xlsx
['2019-12-23', '134', '/ CT肋骨骨折测试集标注njjz/CT肋骨骨折标注0921第一批174份/肺结节薄层标注0.6mm_qy', 'end:2019-12-23 18:45:42 begin:2019-12-23 10:16:41', '8.483', '7.480', 23, '19.51', '66.85']
ExcelPath:../../Data61/2019_12_23/Doctors/Doc146.xlsx
['2019-12-23', '146', '/ CT肋骨骨折测试集标注njjz/肺结节薄层标注0.6mm_qy', 'end:2019-12-23 18:47:04 begin:2019-12-23 10:43:14', '8.063', '7.998', 20, '23.99', '96.65']
ExcelPath:../../Data61/2019_12_23/Doctors/Doc151.xlsx
['2019-12-23', '151', '/肺结节薄层标注0.6mm_qy', 'end:2019-12-23 16:37:28 begin:2019-12-23 10:16:12', '6.354', '6.347', 27, '14.10', '89.65']
ExcelPath:../../Data61/2019_12_23/Doctors/Doc156.xlsx
['2019-12-23', '156', '/CT脑梗_njjz1011_急性', 'end:2019-12-23 17:55:12 begin:2019-12-23 09:48:00', '8.120', '8.078', 40, '12.11', '87.65']
ExcelPath:../../Data61/2019_12_23/Doctors/Doc235.xlsx
['2019-12-23', '235', '/ 头颈部血管分段5', 'end:2019-12-23 22:03:41 begin:2019-12-23 17:49:44', '4.232', '4.229', 14, '18.12', '35.22']
ExcelPath:../../Data61/2019_12_23/Doctors/Doc240.xlsx
['2019-12-23', '240', '/头颈CTA-动脉瘤标注-1214', 'end:2019-12-23 15:18:56 begin:2019-12-23 07:03:46', '8.252', '8.164', 36, '13.60', '77.23']
-----------> 0
sheetname:Sheet2019-12-23
sheetname:Sheet2019-12-23
统计完成,开始发送邮件
------>
2019_12_23
dstPPath:-->../../testZip
dstPPath:-->2019_12_23
../../Data121/2019_12_23
dstPPath:-->../../testZip
dstPPath:-->2019_12_23
../../Data61/2019_12_23
dstPPath:-->../../testZip
dstPPath:-->2019_12_23
../../DataAllServer/2019_12_23
压缩成功
压缩成功
压缩成功
<class 'list'>
231
邮件发送成功
昨天的统计结果已经发送完成
/usr/local/lib/python3.6/dist-packages/pymysql/cursors.py:329: Warning: (1292, "Incorrect datetime value: '%2019-12-24%' for column 'creationTime' at row 1")
  self._do_get_result()
2019-12-24
2019 12 24
从121服务器上获取数据
mySql quering sqlOrder using:select id,name from t_eva_task 
-------------------->
data is: 2019-12-24
mySql quering sqlOrder using:select * from t_user_operation where creationTime like '%2019-12-24%' 
[102 127 138]
OneDayDoctor:------>102
OneDayDoctor:------>127
OneDayDoctor:------>138
wo shi li:[102, 127, 138]
-----------> 0
-----------> 1
-----------> 2
pPath is:../../Data121/2019_12_24
../../Data121/2019_12_24/Doctors/Doc102.xlsx
-----------> 0
../../Data121/2019_12_24/Doctors/Doc127.xlsx
-----------> 0
../../Data121/2019_12_24/Doctors/Doc138.xlsx
-----------> 0
ExcelPath:../../Data121/2019_12_24/Doctors/Doc102.xlsx
['2019-12-24', '102', '/钼靶正式标注PHIL-B1-489', 'end:2019-12-24 13:07:03 begin:2019-12-24 10:04:47', '3.037', '3.030', 26, '6.992', '74.37', 0]
ExcelPath:../../Data121/2019_12_24/Doctors/Doc127.xlsx
['2019-12-24', '127', '/钼靶正式标注PHIL-B1-489', 'end:2019-12-24 15:00:55 begin:2019-12-24 10:03:30', '4.956', '4.383', 48, '5.479', '72.95', 0]
ExcelPath:../../Data121/2019_12_24/Doctors/Doc138.xlsx
['2019-12-24', '138', '/肺结节薄层盲标_part2_HNJ', 'end:2019-12-24 20:24:19 begin:2019-12-24 10:31:33', '9.879', '9.554', 31, '18.49', '72.62', 0]
-----------> 0
从61服务器上获取数据
mySql quering sqlOrder using:select id,name from t_eva_task 
-------------------->
data is: 2019-12-24
mySql quering sqlOrder using:select * from t_user_operation where creationTime like '%2019-12-24%' 
[ 45  54  56  92  95 102 127 132 156 224 235 255]
OneDayDoctor:------>45
OneDayDoctor:------>54
OneDayDoctor:------>56
OneDayDoctor:------>92
OneDayDoctor:------>95
OneDayDoctor:------>102
OneDayDoctor:------>127
OneDayDoctor:------>132
OneDayDoctor:------>156
OneDayDoctor:------>224
OneDayDoctor:------>235
OneDayDoctor:------>255
wo shi li:[45, 54, 56, 92, 95, 102, 127, 132, 156, 224, 235, 255]
-----------> 0
-----------> 1
-----------> 2
-----------> 3
-----------> 4
-----------> 5
-----------> 6
-----------> 7
-----------> 8
-----------> 9
-----------> 10
-----------> 11
pPath is:../../Data61/2019_12_24
../../Data61/2019_12_24/Doctors/Doc45.xlsx
-----------> 0
../../Data61/2019_12_24/Doctors/Doc54.xlsx
-----------> 0
../../Data61/2019_12_24/Doctors/Doc56.xlsx
-----------> 0
../../Data61/2019_12_24/Doctors/Doc92.xlsx
-----------> 0
../../Data61/2019_12_24/Doctors/Doc95.xlsx
-----------> 0
../../Data61/2019_12_24/Doctors/Doc102.xlsx
-----------> 0
../../Data61/2019_12_24/Doctors/Doc127.xlsx
-----------> 0
../../Data61/2019_12_24/Doctors/Doc132.xlsx
-----------> 0
../../Data61/2019_12_24/Doctors/Doc156.xlsx
-----------> 0
../../Data61/2019_12_24/Doctors/Doc224.xlsx
-----------> 0
../../Data61/2019_12_24/Doctors/Doc235.xlsx
-----------> 0
../../Data61/2019_12_24/Doctors/Doc255.xlsx
-----------> 0
ExcelPath:../../Data61/2019_12_24/Doctors/Doc45.xlsx
['2019-12-24', '45', '/肺全科补框M1T1-D52-1201', 'end:2019-12-24 20:58:40 begin:2019-12-24 10:05:58', '10.87', '10.81', 111, '5.846', '69.00', 0]
ExcelPath:../../Data61/2019_12_24/Doctors/Doc54.xlsx
['2019-12-24', '54', '/肺结节薄层标注0.6mm_qy', 'end:2019-12-24 17:40:12 begin:2019-12-24 10:19:00', '7.353', '7.322', 32, '13.73', '45.90', 0]
ExcelPath:../../Data61/2019_12_24/Doctors/Doc56.xlsx
['2019-12-24', '56', '/肺结节薄层标注0.6mm_qy', 'end:2019-12-24 20:36:07 begin:2019-12-24 13:03:38', '7.541', '7.513', 30, '15.02', '47.65', 0]
ExcelPath:../../Data61/2019_12_24/Doctors/Doc92.xlsx
['2019-12-24', '92', '/肺结节薄层标注0.6mm_qy', 'end:2019-12-24 21:55:24 begin:2019-12-24 17:31:17', '4.401', '4.378', 12, '21.89', '52.37', 0]
ExcelPath:../../Data61/2019_12_24/Doctors/Doc95.xlsx
['2019-12-24', '95', '/纵膈-tjmu-甲状腺结节-补充标注', 'end:2019-12-24 17:47:13 begin:2019-12-24 09:52:36', '7.910', '6.791', 45, '9.054', '28.53', 0]
ExcelPath:../../Data61/2019_12_24/Doctors/Doc102.xlsx
['2019-12-24', '102', '/钼靶标注-LZFY-B3', 'end:2019-12-24 15:50:23 begin:2019-12-24 13:08:22', '2.700', '2.505', 41, '3.666', '12.35', 0]
ExcelPath:../../Data61/2019_12_24/Doctors/Doc127.xlsx
['2019-12-24', '127', '/乳腺核磁标注114例3分类', 'end:2019-12-24 15:54:55 begin:2019-12-24 15:06:52', '0.800', '0.800', 6, '8.002', '13.92', 0]
ExcelPath:../../Data61/2019_12_24/Doctors/Doc132.xlsx
['2019-12-24', '132', '/肺结节薄层标注0.6mm_qy', 'end:2019-12-24 18:50:16 begin:2019-12-24 09:57:28', '8.880', '8.862', 30, '17.72', '87.43', 0]
ExcelPath:../../Data61/2019_12_24/Doctors/Doc156.xlsx
['2019-12-24', '156', '/脑出血0701/CT脑梗_njjz1011_急性', 'end:2019-12-24 17:36:28 begin:2019-12-24 10:44:07', '6.872', '6.512', 56, '6.977', '81.33', 0]
ExcelPath:../../Data61/2019_12_24/Doctors/Doc224.xlsx
['2019-12-24', '224', '/头颈CTA-动脉瘤标注-1214', 'end:2019-12-24 16:21:35 begin:2019-12-24 10:02:11', '6.323', '6.312', 31, '12.21', '76.47', 0]
ExcelPath:../../Data61/2019_12_24/Doctors/Doc235.xlsx
['2019-12-24', '235', '/头颈CTA-动脉瘤标注-1214', 'end:2019-12-24 22:02:48 begin:2019-12-24 17:48:00', '4.246', '4.205', 43, '5.868', '20.87', 0]
ExcelPath:../../Data61/2019_12_24/Doctors/Doc255.xlsx
['2019-12-24', '255', '/wlltest/test12138', 'end:2019-12-24 13:51:13 begin:2019-12-24 10:03:25', '3.796', '1.898', 15, '7.592', '50.10', 0]
-----------> 0
sheetname:Sheet2019-12-24
sheetInfo [[0 '2019-12-24' 102 '/钼靶正式标注PHIL-B1-489'
  'end:2019-12-24 13:07:03 begin:2019-12-24 10:04:47' 3.037 3.03 26
  6.992000000000001 74.37 0]
 [1 '2019-12-24' 127 '/钼靶正式标注PHIL-B1-489'
  'end:2019-12-24 15:00:55 begin:2019-12-24 10:03:30' 4.956 4.383 48
  5.479 72.95 0]
 [2 '2019-12-24' 138 '/肺结节薄层盲标_part2_HNJ'
  'end:2019-12-24 20:24:19 begin:2019-12-24 10:31:33' 9.879 9.554 31
  18.49 72.62 0]]
sheetname:Sheet2019-12-24
sheetInfo [[0 '2019-12-24' 45 '/肺全科补框M1T1-D52-1201'
  'end:2019-12-24 20:58:40 begin:2019-12-24 10:05:58' 10.87 10.81 111
  5.846 69.0 0]
 [1 '2019-12-24' 54 '/肺结节薄层标注0.6mm_qy'
  'end:2019-12-24 17:40:12 begin:2019-12-24 10:19:00' 7.353 7.322 32
  13.73 45.9 0]
 [2 '2019-12-24' 56 '/肺结节薄层标注0.6mm_qy'
  'end:2019-12-24 20:36:07 begin:2019-12-24 13:03:38' 7.541 7.513 30
  15.02 47.65 0]
 [3 '2019-12-24' 92 '/肺结节薄层标注0.6mm_qy'
  'end:2019-12-24 21:55:24 begin:2019-12-24 17:31:17' 4.401 4.378 12
  21.89 52.37 0]
 [4 '2019-12-24' 95 '/纵膈-tjmu-甲状腺结节-补充标注'
  'end:2019-12-24 17:47:13 begin:2019-12-24 09:52:36' 7.91 6.791 45 9.054
  28.53 0]
 [5 '2019-12-24' 102 '/钼靶标注-LZFY-B3'
  'end:2019-12-24 15:50:23 begin:2019-12-24 13:08:22' 2.7 2.505 41
  3.6660000000000004 12.35 0]
 [6 '2019-12-24' 127 '/乳腺核磁标注114例3分类'
  'end:2019-12-24 15:54:55 begin:2019-12-24 15:06:52' 0.8 0.8 6 8.002
  13.92 0]
 [7 '2019-12-24' 132 '/肺结节薄层标注0.6mm_qy'
  'end:2019-12-24 18:50:16 begin:2019-12-24 09:57:28' 8.88 8.862 30 17.72
  87.43 0]
 [8 '2019-12-24' 156 '/脑出血0701/CT脑梗_njjz1011_急性'
  'end:2019-12-24 17:36:28 begin:2019-12-24 10:44:07' 6.872000000000001
  6.5120000000000005 56 6.977 81.33 0]
 [9 '2019-12-24' 224 '/头颈CTA-动脉瘤标注-1214'
  'end:2019-12-24 16:21:35 begin:2019-12-24 10:02:11' 6.3229999999999995
  6.312 31 12.21 76.47 0]
 [10 '2019-12-24' 235 '/头颈CTA-动脉瘤标注-1214'
  'end:2019-12-24 22:02:48 begin:2019-12-24 17:48:00' 4.246 4.205 43
  5.867999999999999 20.87 0]
 [11 '2019-12-24' 255 '/wlltest/test12138'
  'end:2019-12-24 13:51:13 begin:2019-12-24 10:03:25' 3.7960000000000003
  1.8980000000000001 15 7.5920000000000005 50.1 0]]
统计完成,开始发送邮件
------>
2019_12_24
dstPPath:-->../../testZip
dstPPath:-->2019_12_24
../../Data121/2019_12_24
dstPPath:-->../../testZip
dstPPath:-->2019_12_24
../../Data61/2019_12_24
dstPPath:-->../../testZip
dstPPath:-->2019_12_24
../../DataAllServer/2019_12_24
压缩成功
压缩成功
压缩成功
<class 'list'>
262
邮件发送成功
昨天的统计结果已经发送完成
